This file contains any messages produced by compilers while
running configure, to aid debugging if configure makes a mistake.

It was created by python-tesseract configure 0.5, which was
generated by GNU Autoconf 2.67.  Invocation command line was

  $ ./configure 

## --------- ##
## Platform. ##
## --------- ##

hostname = linux.local
uname -m = x86_64
uname -r = 2.6.38-11-generic
uname -s = Linux
uname -v = #48-Ubuntu SMP Fri Jul 29 19:02:55 UTC 2011

/usr/bin/uname -p = unknown
/bin/uname -X     = unknown

/bin/arch              = unknown
/usr/bin/arch -k       = unknown
/usr/convex/getsysinfo = unknown
/usr/bin/hostinfo      = unknown
/bin/machine           = unknown
/usr/bin/oslevel       = unknown
/bin/universe          = unknown

PATH: /usr/local/sbin
PATH: /usr/local/bin
PATH: /usr/sbin
PATH: /usr/bin
PATH: /sbin
PATH: /bin
PATH: /usr/games
PATH: /home/jc/.bin


## ----------- ##
## Core tests. ##
## ----------- ##

configure:2295: checking for g++
configure:2311: found /usr/bin/g++
configure:2322: result: g++
configure:2349: checking for C++ compiler version
configure:2358: g++ --version >&5
g++ (Ubuntu/Linaro 4.5.2-8ubuntu4) 4.5.2
Copyright (C) 2010 Free Software Foundation, Inc.
This is free software; see the source for copying conditions.  There is NO
warranty; not even for MERCHANTABILITY or FITNESS FOR A PARTICULAR PURPOSE.

configure:2369: $? = 0
configure:2358: g++ -v >&5
Using built-in specs.
COLLECT_GCC=g++
COLLECT_LTO_WRAPPER=/usr/lib/x86_64-linux-gnu/gcc/x86_64-linux-gnu/4.5.2/lto-wrapper
Target: x86_64-linux-gnu
Configured with: ../src/configure -v --with-pkgversion='Ubuntu/Linaro 4.5.2-8ubuntu4' --with-bugurl=file:///usr/share/doc/gcc-4.5/README.Bugs --enable-languages=c,c++,fortran,objc,obj-c++ --prefix=/usr --program-suffix=-4.5 --enable-shared --enable-multiarch --with-multiarch-defaults=x86_64-linux-gnu --enable-linker-build-id --with-system-zlib --libexecdir=/usr/lib/x86_64-linux-gnu --without-included-gettext --enable-threads=posix --with-gxx-include-dir=/usr/include/c++/4.5 --libdir=/usr/lib/x86_64-linux-gnu --enable-nls --with-sysroot=/ --enable-clocale=gnu --enable-libstdcxx-debug --enable-libstdcxx-time=yes --enable-plugin --enable-gold --enable-ld=default --with-plugin-ld=ld.gold --enable-objc-gc --disable-werror --with-arch-32=i686 --with-tune=generic --enable-checking=release --build=x86_64-linux-gnu --host=x86_64-linux-gnu --target=x86_64-linux-gnu
Thread model: posix
gcc version 4.5.2 (Ubuntu/Linaro 4.5.2-8ubuntu4) 
configure:2369: $? = 0
configure:2358: g++ -V >&5
g++: '-V' option must have argument
configure:2369: $? = 1
configure:2358: g++ -qversion >&5
g++: unrecognized option '-qversion'
g++: no input files
configure:2369: $? = 1
configure:2389: checking whether the C++ compiler works
configure:2411: g++    conftest.cpp  >&5
configure:2415: $? = 0
configure:2463: result: yes
configure:2466: checking for C++ compiler default output file name
configure:2468: result: a.out
configure:2474: checking for suffix of executables
configure:2481: g++ -o conftest    conftest.cpp  >&5
configure:2485: $? = 0
configure:2507: result: 
configure:2529: checking whether we are cross compiling
configure:2537: g++ -o conftest    conftest.cpp  >&5
configure:2541: $? = 0
configure:2548: ./conftest
configure:2552: $? = 0
configure:2567: result: no
configure:2572: checking for suffix of object files
configure:2594: g++ -c   conftest.cpp >&5
configure:2598: $? = 0
configure:2619: result: o
configure:2623: checking whether we are using the GNU C++ compiler
configure:2642: g++ -c   conftest.cpp >&5
configure:2642: $? = 0
configure:2651: result: yes
configure:2660: checking whether g++ accepts -g
configure:2680: g++ -c -g  conftest.cpp >&5
configure:2680: $? = 0
configure:2721: result: yes
configure:2792: checking for gcc
configure:2808: found /usr/bin/gcc
configure:2819: result: gcc
configure:3048: checking for C compiler version
configure:3057: gcc --version >&5
gcc (Ubuntu/Linaro 4.5.2-8ubuntu4) 4.5.2
Copyright (C) 2010 Free Software Foundation, Inc.
This is free software; see the source for copying conditions.  There is NO
warranty; not even for MERCHANTABILITY or FITNESS FOR A PARTICULAR PURPOSE.

configure:3068: $? = 0
configure:3057: gcc -v >&5
Using built-in specs.
COLLECT_GCC=gcc
COLLECT_LTO_WRAPPER=/usr/lib/x86_64-linux-gnu/gcc/x86_64-linux-gnu/4.5.2/lto-wrapper
Target: x86_64-linux-gnu
Configured with: ../src/configure -v --with-pkgversion='Ubuntu/Linaro 4.5.2-8ubuntu4' --with-bugurl=file:///usr/share/doc/gcc-4.5/README.Bugs --enable-languages=c,c++,fortran,objc,obj-c++ --prefix=/usr --program-suffix=-4.5 --enable-shared --enable-multiarch --with-multiarch-defaults=x86_64-linux-gnu --enable-linker-build-id --with-system-zlib --libexecdir=/usr/lib/x86_64-linux-gnu --without-included-gettext --enable-threads=posix --with-gxx-include-dir=/usr/include/c++/4.5 --libdir=/usr/lib/x86_64-linux-gnu --enable-nls --with-sysroot=/ --enable-clocale=gnu --enable-libstdcxx-debug --enable-libstdcxx-time=yes --enable-plugin --enable-gold --enable-ld=default --with-plugin-ld=ld.gold --enable-objc-gc --disable-werror --with-arch-32=i686 --with-tune=generic --enable-checking=release --build=x86_64-linux-gnu --host=x86_64-linux-gnu --target=x86_64-linux-gnu
Thread model: posix
gcc version 4.5.2 (Ubuntu/Linaro 4.5.2-8ubuntu4) 
configure:3068: $? = 0
configure:3057: gcc -V >&5
gcc: '-V' option must have argument
configure:3068: $? = 1
configure:3057: gcc -qversion >&5
gcc: unrecognized option '-qversion'
gcc: no input files
configure:3068: $? = 1
configure:3072: checking whether we are using the GNU C compiler
configure:3091: gcc -c   conftest.c >&5
configure:3091: $? = 0
configure:3100: result: yes
configure:3109: checking whether gcc accepts -g
configure:3129: gcc -c -g  conftest.c >&5
configure:3129: $? = 0
configure:3170: result: yes
configure:3187: checking for gcc option to accept ISO C89
configure:3251: gcc  -c -g -O2  conftest.c >&5
configure:3251: $? = 0
configure:3264: result: none needed
configure:3320: checking build system type
configure:3334: result: x86_64-unknown-linux-gnu
configure:3354: checking host system type
configure:3367: result: x86_64-unknown-linux-gnu
configure:3387: checking target system type
configure:3400: result: x86_64-unknown-linux-gnu
configure:3505: checking how to run the C preprocessor
configure:3536: gcc -E  conftest.c
conftest.c:8:0: warning: "__linux__" redefined
<built-in>:0:0: note: this is the location of the previous definition
configure:3536: $? = 0
configure:3550: gcc -E  conftest.c
conftest.c:8:0: warning: "__linux__" redefined
<built-in>:0:0: note: this is the location of the previous definition
conftest.c:10:28: fatal error: ac_nonexistent.h: No such file or directory
compilation terminated.
configure:3550: $? = 1
configure: failed program was:
| /* confdefs.h */
| #define PACKAGE_NAME "python-tesseract"
| #define PACKAGE_TARNAME "python-tesseract"
| #define PACKAGE_VERSION "0.5"
| #define PACKAGE_STRING "python-tesseract 0.5"
| #define PACKAGE_BUGREPORT "freetogo@gmail.com"
| #define PACKAGE_URL ""
| #define __linux__ /**/
| /* end confdefs.h.  */
| #include <ac_nonexistent.h>
configure:3575: result: gcc -E
configure:3595: gcc -E  conftest.c
conftest.c:8:0: warning: "__linux__" redefined
<built-in>:0:0: note: this is the location of the previous definition
configure:3595: $? = 0
configure:3609: gcc -E  conftest.c
conftest.c:8:0: warning: "__linux__" redefined
<built-in>:0:0: note: this is the location of the previous definition
conftest.c:10:28: fatal error: ac_nonexistent.h: No such file or directory
compilation terminated.
configure:3609: $? = 1
configure: failed program was:
| /* confdefs.h */
| #define PACKAGE_NAME "python-tesseract"
| #define PACKAGE_TARNAME "python-tesseract"
| #define PACKAGE_VERSION "0.5"
| #define PACKAGE_STRING "python-tesseract 0.5"
| #define PACKAGE_BUGREPORT "freetogo@gmail.com"
| #define PACKAGE_URL ""
| #define __linux__ /**/
| /* end confdefs.h.  */
| #include <ac_nonexistent.h>
configure:3638: checking for grep that handles long lines and -e
configure:3696: result: /bin/grep
configure:3701: checking for egrep
configure:3763: result: /bin/grep -E
configure:3768: checking for ANSI C header files
configure:3788: gcc -c -g -O2  conftest.c >&5
conftest.c:8:0: warning: "__linux__" redefined
<built-in>:0:0: note: this is the location of the previous definition
configure:3788: $? = 0
conftest.c:8:0: warning: "__linux__" redefined
<built-in>:0:0: note: this is the location of the previous definition
conftest.c:8:0: warning: "__linux__" redefined
<built-in>:0:0: note: this is the location of the previous definition
configure:3861: gcc -o conftest -g -O2   conftest.c  >&5
conftest.c:8:0: warning: "__linux__" redefined
<built-in>:0:0: note: this is the location of the previous definition
configure:3861: $? = 0
configure:3861: ./conftest
configure:3861: $? = 0
configure:3872: result: yes
configure:3885: checking for sys/types.h
configure:3885: gcc -c -g -O2  conftest.c >&5
conftest.c:8:0: warning: "__linux__" redefined
<built-in>:0:0: note: this is the location of the previous definition
configure:3885: $? = 0
configure:3885: result: yes
configure:3885: checking for sys/stat.h
configure:3885: gcc -c -g -O2  conftest.c >&5
conftest.c:8:0: warning: "__linux__" redefined
<built-in>:0:0: note: this is the location of the previous definition
configure:3885: $? = 0
configure:3885: result: yes
configure:3885: checking for stdlib.h
configure:3885: gcc -c -g -O2  conftest.c >&5
conftest.c:8:0: warning: "__linux__" redefined
<built-in>:0:0: note: this is the location of the previous definition
configure:3885: $? = 0
configure:3885: result: yes
configure:3885: checking for string.h
configure:3885: gcc -c -g -O2  conftest.c >&5
conftest.c:8:0: warning: "__linux__" redefined
<built-in>:0:0: note: this is the location of the previous definition
configure:3885: $? = 0
configure:3885: result: yes
configure:3885: checking for memory.h
configure:3885: gcc -c -g -O2  conftest.c >&5
conftest.c:8:0: warning: "__linux__" redefined
<built-in>:0:0: note: this is the location of the previous definition
configure:3885: $? = 0
configure:3885: result: yes
configure:3885: checking for strings.h
configure:3885: gcc -c -g -O2  conftest.c >&5
conftest.c:8:0: warning: "__linux__" redefined
<built-in>:0:0: note: this is the location of the previous definition
configure:3885: $? = 0
configure:3885: result: yes
configure:3885: checking for inttypes.h
configure:3885: gcc -c -g -O2  conftest.c >&5
conftest.c:8:0: warning: "__linux__" redefined
<built-in>:0:0: note: this is the location of the previous definition
configure:3885: $? = 0
configure:3885: result: yes
configure:3885: checking for stdint.h
configure:3885: gcc -c -g -O2  conftest.c >&5
conftest.c:8:0: warning: "__linux__" redefined
<built-in>:0:0: note: this is the location of the previous definition
configure:3885: $? = 0
configure:3885: result: yes
configure:3885: checking for unistd.h
configure:3885: gcc -c -g -O2  conftest.c >&5
conftest.c:8:0: warning: "__linux__" redefined
<built-in>:0:0: note: this is the location of the previous definition
configure:3885: $? = 0
configure:3885: result: yes
configure:3900: checking arpa/inet.h usability
configure:3900: gcc -c -g -O2  conftest.c >&5
conftest.c:8:0: warning: "__linux__" redefined
<built-in>:0:0: note: this is the location of the previous definition
configure:3900: $? = 0
configure:3900: result: yes
configure:3900: checking arpa/inet.h presence
configure:3900: gcc -E  conftest.c
conftest.c:8:0: warning: "__linux__" redefined
<built-in>:0:0: note: this is the location of the previous definition
configure:3900: $? = 0
configure:3900: result: yes
configure:3900: checking for arpa/inet.h
configure:3900: result: yes
configure:3900: checking fcntl.h usability
configure:3900: gcc -c -g -O2  conftest.c >&5
conftest.c:8:0: warning: "__linux__" redefined
<built-in>:0:0: note: this is the location of the previous definition
configure:3900: $? = 0
configure:3900: result: yes
configure:3900: checking fcntl.h presence
configure:3900: gcc -E  conftest.c
conftest.c:8:0: warning: "__linux__" redefined
<built-in>:0:0: note: this is the location of the previous definition
configure:3900: $? = 0
configure:3900: result: yes
configure:3900: checking for fcntl.h
configure:3900: result: yes
configure:3900: checking float.h usability
configure:3900: gcc -c -g -O2  conftest.c >&5
conftest.c:8:0: warning: "__linux__" redefined
<built-in>:0:0: note: this is the location of the previous definition
configure:3900: $? = 0
configure:3900: result: yes
configure:3900: checking float.h presence
configure:3900: gcc -E  conftest.c
conftest.c:8:0: warning: "__linux__" redefined
<built-in>:0:0: note: this is the location of the previous definition
configure:3900: $? = 0
configure:3900: result: yes
configure:3900: checking for float.h
configure:3900: result: yes
configure:3900: checking for inttypes.h
configure:3900: result: yes
configure:3900: checking libintl.h usability
configure:3900: gcc -c -g -O2  conftest.c >&5
conftest.c:8:0: warning: "__linux__" redefined
<built-in>:0:0: note: this is the location of the previous definition
configure:3900: $? = 0
configure:3900: result: yes
configure:3900: checking libintl.h presence
configure:3900: gcc -E  conftest.c
conftest.c:8:0: warning: "__linux__" redefined
<built-in>:0:0: note: this is the location of the previous definition
configure:3900: $? = 0
configure:3900: result: yes
configure:3900: checking for libintl.h
configure:3900: result: yes
configure:3900: checking limits.h usability
configure:3900: gcc -c -g -O2  conftest.c >&5
conftest.c:8:0: warning: "__linux__" redefined
<built-in>:0:0: note: this is the location of the previous definition
configure:3900: $? = 0
configure:3900: result: yes
configure:3900: checking limits.h presence
configure:3900: gcc -E  conftest.c
conftest.c:8:0: warning: "__linux__" redefined
<built-in>:0:0: note: this is the location of the previous definition
configure:3900: $? = 0
configure:3900: result: yes
configure:3900: checking for limits.h
configure:3900: result: yes
configure:3900: checking locale.h usability
configure:3900: gcc -c -g -O2  conftest.c >&5
conftest.c:8:0: warning: "__linux__" redefined
<built-in>:0:0: note: this is the location of the previous definition
configure:3900: $? = 0
configure:3900: result: yes
configure:3900: checking locale.h presence
configure:3900: gcc -E  conftest.c
conftest.c:8:0: warning: "__linux__" redefined
<built-in>:0:0: note: this is the location of the previous definition
configure:3900: $? = 0
configure:3900: result: yes
configure:3900: checking for locale.h
configure:3900: result: yes
configure:3900: checking netdb.h usability
configure:3900: gcc -c -g -O2  conftest.c >&5
conftest.c:8:0: warning: "__linux__" redefined
<built-in>:0:0: note: this is the location of the previous definition
configure:3900: $? = 0
configure:3900: result: yes
configure:3900: checking netdb.h presence
configure:3900: gcc -E  conftest.c
conftest.c:8:0: warning: "__linux__" redefined
<built-in>:0:0: note: this is the location of the previous definition
configure:3900: $? = 0
configure:3900: result: yes
configure:3900: checking for netdb.h
configure:3900: result: yes
configure:3900: checking netinet/in.h usability
configure:3900: gcc -c -g -O2  conftest.c >&5
conftest.c:8:0: warning: "__linux__" redefined
<built-in>:0:0: note: this is the location of the previous definition
configure:3900: $? = 0
configure:3900: result: yes
configure:3900: checking netinet/in.h presence
configure:3900: gcc -E  conftest.c
conftest.c:8:0: warning: "__linux__" redefined
<built-in>:0:0: note: this is the location of the previous definition
configure:3900: $? = 0
configure:3900: result: yes
configure:3900: checking for netinet/in.h
configure:3900: result: yes
configure:3900: checking for stdint.h
configure:3900: result: yes
configure:3900: checking for stdlib.h
configure:3900: result: yes
configure:3900: checking for string.h
configure:3900: result: yes
configure:3900: checking sys/socket.h usability
configure:3900: gcc -c -g -O2  conftest.c >&5
conftest.c:8:0: warning: "__linux__" redefined
<built-in>:0:0: note: this is the location of the previous definition
configure:3900: $? = 0
configure:3900: result: yes
configure:3900: checking sys/socket.h presence
configure:3900: gcc -E  conftest.c
conftest.c:8:0: warning: "__linux__" redefined
<built-in>:0:0: note: this is the location of the previous definition
configure:3900: $? = 0
configure:3900: result: yes
configure:3900: checking for sys/socket.h
configure:3900: result: yes
configure:3900: checking sys/time.h usability
configure:3900: gcc -c -g -O2  conftest.c >&5
conftest.c:8:0: warning: "__linux__" redefined
<built-in>:0:0: note: this is the location of the previous definition
configure:3900: $? = 0
configure:3900: result: yes
configure:3900: checking sys/time.h presence
configure:3900: gcc -E  conftest.c
conftest.c:8:0: warning: "__linux__" redefined
<built-in>:0:0: note: this is the location of the previous definition
configure:3900: $? = 0
configure:3900: result: yes
configure:3900: checking for sys/time.h
configure:3900: result: yes
configure:3900: checking syslog.h usability
configure:3900: gcc -c -g -O2  conftest.c >&5
conftest.c:8:0: warning: "__linux__" redefined
<built-in>:0:0: note: this is the location of the previous definition
configure:3900: $? = 0
configure:3900: result: yes
configure:3900: checking syslog.h presence
configure:3900: gcc -E  conftest.c
conftest.c:8:0: warning: "__linux__" redefined
<built-in>:0:0: note: this is the location of the previous definition
configure:3900: $? = 0
configure:3900: result: yes
configure:3900: checking for syslog.h
configure:3900: result: yes
configure:3900: checking for unistd.h
configure:3900: result: yes
configure:3912: checking for stdbool.h that conforms to C99
configure:3997: gcc -c -g -O2  conftest.c >&5
conftest.c:8:0: warning: "__linux__" redefined
<built-in>:0:0: note: this is the location of the previous definition
configure:3997: $? = 0
configure:4004: result: yes
configure:4006: checking for _Bool
configure:4006: gcc -c -g -O2  conftest.c >&5
conftest.c:8:0: warning: "__linux__" redefined
<built-in>:0:0: note: this is the location of the previous definition
configure:4006: $? = 0
configure:4006: gcc -c -g -O2  conftest.c >&5
conftest.c:8:0: warning: "__linux__" redefined
<built-in>:0:0: note: this is the location of the previous definition
conftest.c: In function 'main':
conftest.c:72:20: error: expected expression before ')' token
configure:4006: $? = 1
configure: failed program was:
| /* confdefs.h */
| #define PACKAGE_NAME "python-tesseract"
| #define PACKAGE_TARNAME "python-tesseract"
| #define PACKAGE_VERSION "0.5"
| #define PACKAGE_STRING "python-tesseract 0.5"
| #define PACKAGE_BUGREPORT "freetogo@gmail.com"
| #define PACKAGE_URL ""
| #define __linux__ /**/
| #define STDC_HEADERS 1
| #define HAVE_SYS_TYPES_H 1
| #define HAVE_SYS_STAT_H 1
| #define HAVE_STDLIB_H 1
| #define HAVE_STRING_H 1
| #define HAVE_MEMORY_H 1
| #define HAVE_STRINGS_H 1
| #define HAVE_INTTYPES_H 1
| #define HAVE_STDINT_H 1
| #define HAVE_UNISTD_H 1
| #define HAVE_ARPA_INET_H 1
| #define HAVE_FCNTL_H 1
| #define HAVE_FLOAT_H 1
| #define HAVE_INTTYPES_H 1
| #define HAVE_LIBINTL_H 1
| #define HAVE_LIMITS_H 1
| #define HAVE_LOCALE_H 1
| #define HAVE_NETDB_H 1
| #define HAVE_NETINET_IN_H 1
| #define HAVE_STDINT_H 1
| #define HAVE_STDLIB_H 1
| #define HAVE_STRING_H 1
| #define HAVE_SYS_SOCKET_H 1
| #define HAVE_SYS_TIME_H 1
| #define HAVE_SYSLOG_H 1
| #define HAVE_UNISTD_H 1
| /* end confdefs.h.  */
| #include <stdio.h>
| #ifdef HAVE_SYS_TYPES_H
| # include <sys/types.h>
| #endif
| #ifdef HAVE_SYS_STAT_H
| # include <sys/stat.h>
| #endif
| #ifdef STDC_HEADERS
| # include <stdlib.h>
| # include <stddef.h>
| #else
| # ifdef HAVE_STDLIB_H
| #  include <stdlib.h>
| # endif
| #endif
| #ifdef HAVE_STRING_H
| # if !defined STDC_HEADERS && defined HAVE_MEMORY_H
| #  include <memory.h>
| # endif
| # include <string.h>
| #endif
| #ifdef HAVE_STRINGS_H
| # include <strings.h>
| #endif
| #ifdef HAVE_INTTYPES_H
| # include <inttypes.h>
| #endif
| #ifdef HAVE_STDINT_H
| # include <stdint.h>
| #endif
| #ifdef HAVE_UNISTD_H
| # include <unistd.h>
| #endif
| int
| main ()
| {
| if (sizeof ((_Bool)))
| 	    return 0;
|   ;
|   return 0;
| }
configure:4006: result: yes
configure:4022: checking for C/C++ restrict keyword
configure:4047: gcc -c -g -O2  conftest.c >&5
conftest.c:8:0: warning: "__linux__" redefined
<built-in>:0:0: note: this is the location of the previous definition
configure:4047: $? = 0
configure:4055: result: __restrict
configure:4068: checking for size_t
configure:4068: gcc -c -g -O2  conftest.c >&5
conftest.c:8:0: warning: "__linux__" redefined
<built-in>:0:0: note: this is the location of the previous definition
configure:4068: $? = 0
configure:4068: gcc -c -g -O2  conftest.c >&5
conftest.c:8:0: warning: "__linux__" redefined
<built-in>:0:0: note: this is the location of the previous definition
conftest.c: In function 'main':
conftest.c:75:21: error: expected expression before ')' token
configure:4068: $? = 1
configure: failed program was:
| /* confdefs.h */
| #define PACKAGE_NAME "python-tesseract"
| #define PACKAGE_TARNAME "python-tesseract"
| #define PACKAGE_VERSION "0.5"
| #define PACKAGE_STRING "python-tesseract 0.5"
| #define PACKAGE_BUGREPORT "freetogo@gmail.com"
| #define PACKAGE_URL ""
| #define __linux__ /**/
| #define STDC_HEADERS 1
| #define HAVE_SYS_TYPES_H 1
| #define HAVE_SYS_STAT_H 1
| #define HAVE_STDLIB_H 1
| #define HAVE_STRING_H 1
| #define HAVE_MEMORY_H 1
| #define HAVE_STRINGS_H 1
| #define HAVE_INTTYPES_H 1
| #define HAVE_STDINT_H 1
| #define HAVE_UNISTD_H 1
| #define HAVE_ARPA_INET_H 1
| #define HAVE_FCNTL_H 1
| #define HAVE_FLOAT_H 1
| #define HAVE_INTTYPES_H 1
| #define HAVE_LIBINTL_H 1
| #define HAVE_LIMITS_H 1
| #define HAVE_LOCALE_H 1
| #define HAVE_NETDB_H 1
| #define HAVE_NETINET_IN_H 1
| #define HAVE_STDINT_H 1
| #define HAVE_STDLIB_H 1
| #define HAVE_STRING_H 1
| #define HAVE_SYS_SOCKET_H 1
| #define HAVE_SYS_TIME_H 1
| #define HAVE_SYSLOG_H 1
| #define HAVE_UNISTD_H 1
| #define HAVE__BOOL 1
| #define HAVE_STDBOOL_H 1
| #define restrict __restrict
| /* end confdefs.h.  */
| #include <stdio.h>
| #ifdef HAVE_SYS_TYPES_H
| # include <sys/types.h>
| #endif
| #ifdef HAVE_SYS_STAT_H
| # include <sys/stat.h>
| #endif
| #ifdef STDC_HEADERS
| # include <stdlib.h>
| # include <stddef.h>
| #else
| # ifdef HAVE_STDLIB_H
| #  include <stdlib.h>
| # endif
| #endif
| #ifdef HAVE_STRING_H
| # if !defined STDC_HEADERS && defined HAVE_MEMORY_H
| #  include <memory.h>
| # endif
| # include <string.h>
| #endif
| #ifdef HAVE_STRINGS_H
| # include <strings.h>
| #endif
| #ifdef HAVE_INTTYPES_H
| # include <inttypes.h>
| #endif
| #ifdef HAVE_STDINT_H
| # include <stdint.h>
| #endif
| #ifdef HAVE_UNISTD_H
| # include <unistd.h>
| #endif
| int
| main ()
| {
| if (sizeof ((size_t)))
| 	    return 0;
|   ;
|   return 0;
| }
configure:4068: result: yes
configure:4079: checking for uint16_t
configure:4079: gcc -c -g -O2  conftest.c >&5
conftest.c:8:0: warning: "__linux__" redefined
<built-in>:0:0: note: this is the location of the previous definition
configure:4079: $? = 0
configure:4079: result: yes
configure:4091: checking for uint32_t
configure:4091: gcc -c -g -O2  conftest.c >&5
conftest.c:8:0: warning: "__linux__" redefined
<built-in>:0:0: note: this is the location of the previous definition
configure:4091: $? = 0
configure:4091: result: yes
configure:4107: checking for error_at_line
configure:4123: gcc -o conftest -g -O2   conftest.c  >&5
conftest.c:8:0: warning: "__linux__" redefined
<built-in>:0:0: note: this is the location of the previous definition
configure:4123: $? = 0
configure:4131: result: yes
configure:4144: checking for stdlib.h
configure:4144: result: yes
configure:4154: checking for GNU libc compatible malloc
configure:4178: gcc -o conftest -g -O2   conftest.c  >&5
conftest.c:8:0: warning: "__linux__" redefined
<built-in>:0:0: note: this is the location of the previous definition
configure:4178: $? = 0
configure:4178: ./conftest
configure:4178: $? = 0
configure:4188: result: yes
configure:4212: checking for floor
configure:4212: gcc -o conftest -g -O2   conftest.c  >&5
conftest.c:8:0: warning: "__linux__" redefined
<built-in>:0:0: note: this is the location of the previous definition
conftest.c:64:6: warning: conflicting types for built-in function 'floor'
/tmp/ccIVe5Rf.o: In function `main':
/home/jc/Downloads/git/python-tesseract/python-tesseract-0.5/conftest.c:75: undefined reference to `floor'
collect2: ld returned 1 exit status
configure:4212: $? = 1
configure: failed program was:
| /* confdefs.h */
| #define PACKAGE_NAME "python-tesseract"
| #define PACKAGE_TARNAME "python-tesseract"
| #define PACKAGE_VERSION "0.5"
| #define PACKAGE_STRING "python-tesseract 0.5"
| #define PACKAGE_BUGREPORT "freetogo@gmail.com"
| #define PACKAGE_URL ""
| #define __linux__ /**/
| #define STDC_HEADERS 1
| #define HAVE_SYS_TYPES_H 1
| #define HAVE_SYS_STAT_H 1
| #define HAVE_STDLIB_H 1
| #define HAVE_STRING_H 1
| #define HAVE_MEMORY_H 1
| #define HAVE_STRINGS_H 1
| #define HAVE_INTTYPES_H 1
| #define HAVE_STDINT_H 1
| #define HAVE_UNISTD_H 1
| #define HAVE_ARPA_INET_H 1
| #define HAVE_FCNTL_H 1
| #define HAVE_FLOAT_H 1
| #define HAVE_INTTYPES_H 1
| #define HAVE_LIBINTL_H 1
| #define HAVE_LIMITS_H 1
| #define HAVE_LOCALE_H 1
| #define HAVE_NETDB_H 1
| #define HAVE_NETINET_IN_H 1
| #define HAVE_STDINT_H 1
| #define HAVE_STDLIB_H 1
| #define HAVE_STRING_H 1
| #define HAVE_SYS_SOCKET_H 1
| #define HAVE_SYS_TIME_H 1
| #define HAVE_SYSLOG_H 1
| #define HAVE_UNISTD_H 1
| #define HAVE__BOOL 1
| #define HAVE_STDBOOL_H 1
| #define restrict __restrict
| #define HAVE_STDLIB_H 1
| #define HAVE_MALLOC 1
| /* end confdefs.h.  */
| /* Define floor to an innocuous variant, in case <limits.h> declares floor.
|    For example, HP-UX 11i <limits.h> declares gettimeofday.  */
| #define floor innocuous_floor
| 
| /* System header to define __stub macros and hopefully few prototypes,
|     which can conflict with char floor (); below.
|     Prefer <limits.h> to <assert.h> if __STDC__ is defined, since
|     <limits.h> exists even on freestanding compilers.  */
| 
| #ifdef __STDC__
| # include <limits.h>
| #else
| # include <assert.h>
| #endif
| 
| #undef floor
| 
| /* Override any GCC internal prototype to avoid an error.
|    Use char because int might match the return type of a GCC
|    builtin and then its argument prototype would still apply.  */
| #ifdef __cplusplus
| extern "C"
| #endif
| char floor ();
| /* The GNU C library defines this for functions which it implements
|     to always fail with ENOSYS.  Some functions are actually named
|     something starting with __ and the normal name is an alias.  */
| #if defined __stub_floor || defined __stub___floor
| choke me
| #endif
| 
| int
| main ()
| {
| return floor ();
|   ;
|   return 0;
| }
configure:4212: result: no
configure:4212: checking for memset
configure:4212: gcc -o conftest -g -O2   conftest.c  >&5
conftest.c:8:0: warning: "__linux__" redefined
<built-in>:0:0: note: this is the location of the previous definition
conftest.c:64:6: warning: conflicting types for built-in function 'memset'
configure:4212: $? = 0
configure:4212: result: yes
configure:4212: checking for setlocale
configure:4212: gcc -o conftest -g -O2   conftest.c  >&5
conftest.c:8:0: warning: "__linux__" redefined
<built-in>:0:0: note: this is the location of the previous definition
configure:4212: $? = 0
configure:4212: result: yes
configure:4212: checking for strdup
configure:4212: gcc -o conftest -g -O2   conftest.c  >&5
conftest.c:8:0: warning: "__linux__" redefined
<built-in>:0:0: note: this is the location of the previous definition
conftest.c:66:6: warning: conflicting types for built-in function 'strdup'
configure:4212: $? = 0
configure:4212: result: yes
configure:4212: checking for strrchr
configure:4212: gcc -o conftest -g -O2   conftest.c  >&5
conftest.c:8:0: warning: "__linux__" redefined
<built-in>:0:0: note: this is the location of the previous definition
conftest.c:67:6: warning: conflicting types for built-in function 'strrchr'
configure:4212: $? = 0
configure:4212: result: yes
configure:4212: checking for strstr
configure:4212: gcc -o conftest -g -O2   conftest.c  >&5
conftest.c:8:0: warning: "__linux__" redefined
<built-in>:0:0: note: this is the location of the previous definition
conftest.c:68:6: warning: conflicting types for built-in function 'strstr'
configure:4212: $? = 0
configure:4212: result: yes
configure:4329: creating ./config.status

## ---------------------- ##
## Running config.status. ##
## ---------------------- ##

This file was extended by python-tesseract config.status 0.5, which was
generated by GNU Autoconf 2.67.  Invocation command line was

  CONFIG_FILES    = 
  CONFIG_HEADERS  = 
  CONFIG_LINKS    = 
  CONFIG_COMMANDS = 
  $ ./config.status 

on linux.local

config.status:710: creating config.h

## ---------------- ##
## Cache variables. ##
## ---------------- ##

ac_cv_build=x86_64-unknown-linux-gnu
ac_cv_c_compiler_gnu=yes
ac_cv_c_restrict=__restrict
ac_cv_c_uint16_t=yes
ac_cv_c_uint32_t=yes
ac_cv_cxx_compiler_gnu=yes
ac_cv_env_CCC_set=
ac_cv_env_CCC_value=
ac_cv_env_CC_set=
ac_cv_env_CC_value=
ac_cv_env_CFLAGS_set=
ac_cv_env_CFLAGS_value=
ac_cv_env_CPPFLAGS_set=
ac_cv_env_CPPFLAGS_value=
ac_cv_env_CPP_set=
ac_cv_env_CPP_value=
ac_cv_env_CXXFLAGS_set=
ac_cv_env_CXXFLAGS_value=
ac_cv_env_CXX_set=
ac_cv_env_CXX_value=
ac_cv_env_LDFLAGS_set=
ac_cv_env_LDFLAGS_value=
ac_cv_env_LIBS_set=
ac_cv_env_LIBS_value=
ac_cv_env_build_alias_set=
ac_cv_env_build_alias_value=
ac_cv_env_host_alias_set=
ac_cv_env_host_alias_value=
ac_cv_env_target_alias_set=
ac_cv_env_target_alias_value=
ac_cv_func_floor=no
ac_cv_func_malloc_0_nonnull=yes
ac_cv_func_memset=yes
ac_cv_func_setlocale=yes
ac_cv_func_strdup=yes
ac_cv_func_strrchr=yes
ac_cv_func_strstr=yes
ac_cv_header_arpa_inet_h=yes
ac_cv_header_fcntl_h=yes
ac_cv_header_float_h=yes
ac_cv_header_inttypes_h=yes
ac_cv_header_libintl_h=yes
ac_cv_header_limits_h=yes
ac_cv_header_locale_h=yes
ac_cv_header_memory_h=yes
ac_cv_header_netdb_h=yes
ac_cv_header_netinet_in_h=yes
ac_cv_header_stdbool_h=yes
ac_cv_header_stdc=yes
ac_cv_header_stdint_h=yes
ac_cv_header_stdlib_h=yes
ac_cv_header_string_h=yes
ac_cv_header_strings_h=yes
ac_cv_header_sys_socket_h=yes
ac_cv_header_sys_stat_h=yes
ac_cv_header_sys_time_h=yes
ac_cv_header_sys_types_h=yes
ac_cv_header_syslog_h=yes
ac_cv_header_unistd_h=yes
ac_cv_host=x86_64-unknown-linux-gnu
ac_cv_lib_error_at_line=yes
ac_cv_objext=o
ac_cv_path_EGREP='/bin/grep -E'
ac_cv_path_GREP=/bin/grep
ac_cv_prog_CPP='gcc -E'
ac_cv_prog_ac_ct_CC=gcc
ac_cv_prog_ac_ct_CXX=g++
ac_cv_prog_cc_c89=
ac_cv_prog_cc_g=yes
ac_cv_prog_cxx_g=yes
ac_cv_target=x86_64-unknown-linux-gnu
ac_cv_type__Bool=yes
ac_cv_type_size_t=yes

## ----------------- ##
## Output variables. ##
## ----------------- ##

CC='gcc'
CFLAGS='-g -O2'
CPP='gcc -E'
CPPFLAGS=''
CXX='g++'
CXXFLAGS='-g -O2'
DEFS='-DHAVE_CONFIG_H'
ECHO_C=''
ECHO_N='-n'
ECHO_T=''
EGREP='/bin/grep -E'
EXEEXT=''
GREP='/bin/grep'
LDFLAGS=''
LIBOBJS=''
LIBS=''
LTLIBOBJS=''
NEED_MACOS_DEPLOYMENT_TARGET_FALSE=''
NEED_MACOS_DEPLOYMENT_TARGET_TRUE='#'
OBJEXT='o'
PACKAGE_BUGREPORT='freetogo@gmail.com'
PACKAGE_NAME='python-tesseract'
PACKAGE_STRING='python-tesseract 0.5'
PACKAGE_TARNAME='python-tesseract'
PACKAGE_URL=''
PACKAGE_VERSION='0.5'
PATH_SEPARATOR=':'
SHELL='/bin/bash'
ac_ct_CC='gcc'
ac_ct_CXX='g++'
bindir='${exec_prefix}/bin'
build='x86_64-unknown-linux-gnu'
build_alias=''
build_cpu='x86_64'
build_os='linux-gnu'
build_vendor='unknown'
datadir='${datarootdir}'
datarootdir='${prefix}/share'
docdir='${datarootdir}/doc/${PACKAGE_TARNAME}'
dvidir='${docdir}'
exec_prefix='${prefix}'
host='x86_64-unknown-linux-gnu'
host_alias=''
host_cpu='x86_64'
host_os='linux-gnu'
host_vendor='unknown'
htmldir='${docdir}'
includedir='${prefix}/include'
infodir='${datarootdir}/info'
libdir='${exec_prefix}/lib'
libexecdir='${exec_prefix}/libexec'
localedir='${datarootdir}/locale'
localstatedir='${prefix}/var'
mandir='${datarootdir}/man'
oldincludedir='/usr/include'
pdfdir='${docdir}'
prefix='/usr/local'
program_transform_name='s,x,x,'
psdir='${docdir}'
sbindir='${exec_prefix}/sbin'
sharedstatedir='${prefix}/com'
sysconfdir='${prefix}/etc'
target='x86_64-unknown-linux-gnu'
target_alias=''
target_cpu='x86_64'
target_os='linux-gnu'
target_vendor='unknown'

## ----------- ##
## confdefs.h. ##
## ----------- ##

/* confdefs.h */
#define PACKAGE_NAME "python-tesseract"
#define PACKAGE_TARNAME "python-tesseract"
#define PACKAGE_VERSION "0.5"
#define PACKAGE_STRING "python-tesseract 0.5"
#define PACKAGE_BUGREPORT "freetogo@gmail.com"
#define PACKAGE_URL ""
#define __linux__ /**/
#define STDC_HEADERS 1
#define HAVE_SYS_TYPES_H 1
#define HAVE_SYS_STAT_H 1
#define HAVE_STDLIB_H 1
#define HAVE_STRING_H 1
#define HAVE_MEMORY_H 1
#define HAVE_STRINGS_H 1
#define HAVE_INTTYPES_H 1
#define HAVE_STDINT_H 1
#define HAVE_UNISTD_H 1
#define HAVE_ARPA_INET_H 1
#define HAVE_FCNTL_H 1
#define HAVE_FLOAT_H 1
#define HAVE_INTTYPES_H 1
#define HAVE_LIBINTL_H 1
#define HAVE_LIMITS_H 1
#define HAVE_LOCALE_H 1
#define HAVE_NETDB_H 1
#define HAVE_NETINET_IN_H 1
#define HAVE_STDINT_H 1
#define HAVE_STDLIB_H 1
#define HAVE_STRING_H 1
#define HAVE_SYS_SOCKET_H 1
#define HAVE_SYS_TIME_H 1
#define HAVE_SYSLOG_H 1
#define HAVE_UNISTD_H 1
#define HAVE__BOOL 1
#define HAVE_STDBOOL_H 1
#define restrict __restrict
#define HAVE_STDLIB_H 1
#define HAVE_MALLOC 1
#define HAVE_MEMSET 1
#define HAVE_SETLOCALE 1
#define HAVE_STRDUP 1
#define HAVE_STRRCHR 1
#define HAVE_STRSTR 1

configure: exit 0
